-------------------------------------------------------------------------------
Test set: com.project.online_banking_application.RegistrationFlowTests
-------------------------------------------------------------------------------
Tests run: 1, Failures: 1, Errors: 0, Skipped: 0, Time elapsed: 18.66 s <<< FAILURE! -- in com.project.online_banking_application.RegistrationFlowTests
com.project.online_banking_application.RegistrationFlowTests.registerPostSavesCustomerAndRedirectsToLogin -- Time elapsed: 5.924 s <<< FAILURE!
java.lang.AssertionError: Redirected URL expected:</login> but was:</login?registered>
	at org.springframework.test.util.AssertionErrors.fail(AssertionErrors.java:62)
	at org.springframework.test.util.AssertionErrors.assertEquals(AssertionErrors.java:129)
	at org.springframework.test.web.servlet.result.MockMvcResultMatchers.lambda$redirectedUrl$0(MockMvcResultMatchers.java:130)
	at org.springframework.test.web.servlet.MockMvc$1.andExpect(MockMvc.java:212)
	at com.project.online_banking_application.RegistrationFlowTests.registerPostSavesCustomerAndRedirectsToLogin(RegistrationFlowTests.java:36)

