<?xml version="1.0" encoding="UTF-8"?>
<testsuite xmlns:xsi="http://www.w3.org/2001/XMLSchema-instance" xsi:noNamespaceSchemaLocation="https://maven.apache.org/surefire/maven-surefire-plugin/xsd/surefire-test-report.xsd" version="3.0.2" name="com.project.online_banking_application.RegistrationFlowTests" time="18.659" tests="1" errors="0" skipped="0" failures="1" flakes="0">
  <properties>
[...]
</properties>
  <testcase name="registerPostSavesCustomerAndRedirectsToLogin" classname="com.project.online_banking_application.RegistrationFlowTests" time="5.924">
    <failure message="Redirected URL expected:&lt;/login&gt; but was:&lt;/login?registered&gt;" type="java.lang.AssertionError"><![CDATA[java.lang.AssertionError: Redirected URL expected:</login> but was:</login?registered>
	at org.springframework.test.util.AssertionErrors.fail(AssertionErrors.java:62)
	at org.springframework.test.util.AssertionErrors.assertEquals(AssertionErrors.java:129)
	at org.springframework.test.web.servlet.result.MockMvcResultMatchers.lambda$redirectedUrl$0(MockMvcResultMatchers.java:130)
	at org.springframework.test.web.servlet.MockMvc$1.andExpect(MockMvc.java:212)
	at com.project.online_banking_application.RegistrationFlowTests.registerPostSavesCustomerAndRedirectsToLogin(RegistrationFlowTests.java:36)
]]></failure>
    <system-out><![CDATA[2026-08-20T18:52:18.373+05:30  INFO 4668 --- [Online_Banking_Application] [           main] t.c.s.AnnotationConfigContextLoaderUtils : Could not detect default configuration classes for test class [com.project.online_banking_application.RegistrationFlowTests]: RegistrationFlowTests does not declare any static, non-private, non-final, nested classes annotated with @Configuration.
2026-08-20T18:52:18.411+05:30  INFO 4668 --- [Online_Banking_Application] [           main] .b.t.c.SpringBootTestContextBootstrapper : Found @SpringBootConfiguration com.project.online_banking_application.OnlineBankingApplication for test class com.project.online_banking_application.RegistrationFlowTests
2026-08-20T18:52:18.418+05:30  INFO 4668 --- [Online_Banking_Application] [           main] t.c.s.AnnotationConfigContextLoaderUtils : Could not detect default configuration classes for test class [com.project.online_banking_application.RegistrationFlowTests]: RegistrationFlowTests does not declare any static, non-private, non-final, nested classes annotated with @Configuration.
2026-08-20T18:52:18.428+05:30  INFO 4668 --- [Online_Banking_Application] [           main] .b.t.c.SpringBootTestContextBootstrapper : Found @SpringBootConfiguration com.project.online_banking_application.OnlineBankingApplication for test class com.project.online_banking_application.RegistrationFlowTests
2026-08-20T18:52:18.472+05:30  INFO 4668 --- [Online_Banking_Application] [           main] o.s.b.d.r.RestartApplicationListener     : Restart disabled due to context in which it is running

  .   ____          _            __ _ _
 /\\ / ___'_ __ _ _(_)_ __  __ _ \ \ \ \
( ( )\___ | '_ | '_| | '_ \/ _` | \ \ \ \
 \\/  ___)| |_)| | | | | || (_| |  ) ) ) )
  '  |____| .__|_| |_|_| |_\__, | / / / /
 =========|_|==============|___/=/_/_/_/

 :: Spring Boot ::                (v4.1.0)

2026-08-20T18:52:21.357+05:30  INFO 4668 --- [Online_Banking_Application] [           main] c.p.o.RegistrationFlowTests              : Starting RegistrationFlowTests using Java 21.0.10 with PID 4668 (started by Win 10 Pro in C:\Users\Win 10 Pro\IdeaProjects\Online_Banking_Application)
2026-08-20T18:52:21.358+05:30  INFO 4668 --- [Online_Banking_Application] [           main] c.p.o.RegistrationFlowTests              : No active profile set, falling back to 1 default profile: "default"
2026-08-20T18:52:25.890+05:30  INFO 4668 --- [Online_Banking_Application] [           main] .s.d.r.c.RepositoryConfigurationDelegate : Bootstrapping Spring Data JPA repositories in DEFAULT mode.
2026-08-20T18:52:26.189+05:30  INFO 4668 --- [Online_Banking_Application] [           main] .s.d.r.c.RepositoryConfigurationDelegate : Finished Spring Data repository scanning in 245 ms. Found 1 JPA repository interface.
2026-08-20T18:52:27.591+05:30  INFO 4668 --- [Online_Banking_Application] [           main] org.hibernate.orm.jpa                    : HHH008540: Processing PersistenceUnitInfo [name: default]
2026-08-20T18:52:27.782+05:30  INFO 4668 --- [Online_Banking_Application] [           main] o.s.o.j.p.SpringPersistenceUnitInfo      : No LoadTimeWeaver setup: ignoring JPA class transformer
2026-08-20T18:52:27.801+05:30  INFO 4668 --- [Online_Banking_Application] [           main] com.zaxxer.hikari.HikariDataSource       : HikariPool-2 - Starting...
2026-08-20T18:52:27.966+05:30  INFO 4668 --- [Online_Banking_Application] [           main] com.zaxxer.hikari.pool.HikariPool        : HikariPool-2 - Added connection conn10: url=jdbc:h2:mem:online-banking user=SA
2026-08-20T18:52:27.969+05:30  INFO 4668 --- [Online_Banking_Application] [           main] com.zaxxer.hikari.HikariDataSource       : HikariPool-2 - Start completed.
2026-08-20T18:52:27.981+05:30  INFO 4668 --- [Online_Banking_Application] [           main] org.hibernate.orm.connections.pooling    : HHH10001005: Database info:
	Database JDBC URL [jdbc:h2:mem:online-banking]
	Database driver: H2 JDBC Driver
	Database dialect: H2Dialect
	Database version: 2.4.240
	Default catalog/schema: ONLINE-BANKING/PUBLIC
	Autocommit mode: undefined/unknown
	Isolation level: READ_COMMITTED [default READ_COMMITTED]
	JDBC fetch size: 100
	Pool: DataSourceConnectionProvider
	Minimum pool size: undefined/unknown
	Maximum pool size: undefined/unknown
2026-08-20T18:52:28.485+05:30  INFO 4668 --- [Online_Banking_Application] [           main] org.hibernate.orm.core                   : HHH000489: No JTA platform available (set 'hibernate.transaction.jta.platform' to enable JTA platform integration)
Hibernate: drop table if exists customers cascade 
Hibernate: create table customers (balance float(53) not null, id bigint generated by default as identity, email varchar(255) not null unique, full_name varchar(255), mobile varchar(255), password varchar(255) not null, username varchar(255) not null unique, primary key (id))
2026-08-20T18:52:28.515+05:30  INFO 4668 --- [Online_Banking_Application] [           main] j.LocalContainerEntityManagerFactoryBean : Initialized JPA EntityManagerFactory for persistence unit 'default'
2026-08-20T18:52:28.846+05:30  WARN 4668 --- [Online_Banking_Application] [           main] JpaBaseConfiguration$JpaWebConfiguration : spring.jpa.open-in-view is enabled by default. Therefore, database queries may be performed during view rendering. Explicitly configure spring.jpa.open-in-view to disable this warning
2026-08-20T18:52:29.415+05:30  INFO 4668 --- [Online_Banking_Application] [           main] r$InitializeUserDetailsManagerConfigurer : Global AuthenticationManager configured with UserDetailsService bean with name customerService
2026-08-20T18:52:30.688+05:30  INFO 4668 --- [Online_Banking_Application] [           main] o.s.b.t.m.w.SpringBootMockServletContext : Initializing Spring TestDispatcherServlet ''
2026-08-20T18:52:30.689+05:30  INFO 4668 --- [Online_Banking_Application] [           main] o.s.t.web.servlet.TestDispatcherServlet  : Initializing Servlet ''
2026-08-20T18:52:30.709+05:30  INFO 4668 --- [Online_Banking_Application] [           main] o.s.t.web.servlet.TestDispatcherServlet  : Completed initialization in 16 ms
2026-08-20T18:52:31.000+05:30  INFO 4668 --- [Online_Banking_Application] [           main] c.p.o.RegistrationFlowTests              : Started RegistrationFlowTests in 12.455 seconds (process running for 128.0)
Hibernate: select c1_0.id from customers c1_0 where c1_0.username=? fetch first ? rows only
Hibernate: select c1_0.id from customers c1_0 where c1_0.email=? fetch first ? rows only
Hibernate: insert into customers (balance,email,full_name,mobile,password,username,id) values (?,?,?,?,?,?,default)

MockHttpServletRequest:
      HTTP Method = POST
      Request URI = /register
       Parameters = {fullName=[Test User], email=[testuser329174463716900@example.com], mobile=[9999999999], username=[testuser329174463716900], password=[password123]}
          Headers = []
             Body = null
    Session Attrs = {}

Handler:
             Type = com.project.online_banking_application.Homecontroller
           Method = com.project.online_banking_application.Homecontroller#registerCustomer(Customer, Model)

Async:
    Async started = false
     Async result = null

Resolved Exception:
             Type = null

ModelAndView:
        View name = redirect:/login?registered
             View = null
            Model = null

FlashMap:
       Attributes = null

MockHttpServletResponse:
           Status = 302
    Error message = null
          Headers = [Content-Language:"en", X-Content-Type-Options:"nosniff", X-XSS-Protection:"0", Cache-Control:"no-cache, no-store, max-age=0, must-revalidate", Pragma:"no-cache", Expires:"0", X-Frame-Options:"SAMEORIGIN", Location:"/login?registered"]
     Content type = null
             Body = 
    Forwarded URL = null
   Redirected URL = /login?registered
          Cookies = []
]]></system-out>
  </testcase>
</testsuite>